00:10:15 **** Build of configuration Debug for project Kit Info 2 RGB ****
make -r all 
Building file: ../src/KitInfo2FW_RGB.c
Invoking: MCU C Compiler
arm-none-eabi-gcc -D__REDLIB__ -DDEBUG -D__CODE_RED -D__USE_CMSIS=CMSISv1p30_LPC17xx -I"/home/seba-pc/Documentos/utn/info 2/Ejemplos/Kit Info 2 RGB/inc" -I"/home/seba-pc/Documentos/utn/info 2/Ejemplos/Kit Info 2 RGB/inc" -O0 -g3 -Wall -c -fmessage-length=0 -fno-builtin -ffunction-sections -fdata-sections -mcpu=cortex-m3 -mthumb -D__REDLIB__ -specs=redlib.specs -MMD -MP -MF"src/KitInfo2FW_RGB.d" -MT"src/KitInfo2FW_RGB.o" -MT"src/KitInfo2FW_RGB.d" -o "src/KitInfo2FW_RGB.o" "../src/KitInfo2FW_RGB.c"
Finished building: ../src/KitInfo2FW_RGB.c
 
Building file: ../src/KitInfo2PR_RGB.c
Invoking: MCU C Compiler
arm-none-eabi-gcc -D__REDLIB__ -DDEBUG -D__CODE_RED -D__USE_CMSIS=CMSISv1p30_LPC17xx -I"/home/seba-pc/Documentos/utn/info 2/Ejemplos/Kit Info 2 RGB/inc" -I"/home/seba-pc/Documentos/utn/info 2/Ejemplos/Kit Info 2 RGB/inc" -O0 -g3 -Wall -c -fmessage-length=0 -fno-builtin -ffunction-sections -fdata-sections -mcpu=cortex-m3 -mthumb -D__REDLIB__ -specs=redlib.specs -MMD -MP -MF"src/KitInfo2PR_RGB.d" -MT"src/KitInfo2PR_RGB.o" -MT"src/KitInfo2PR_RGB.d" -o "src/KitInfo2PR_RGB.o" "../src/KitInfo2PR_RGB.c"
Finished building: ../src/KitInfo2PR_RGB.c
 
Building file: ../src/cr_startup_lpc175x_6x.c
Invoking: MCU C Compiler
arm-none-eabi-gcc -D__REDLIB__ -DDEBUG -D__CODE_RED -D__USE_CMSIS=CMSISv1p30_LPC17xx -I"/home/seba-pc/Documentos/utn/info 2/Ejemplos/Kit Info 2 RGB/inc" -I"/home/seba-pc/Documentos/utn/info 2/Ejemplos/Kit Info 2 RGB/inc" -O0 -g3 -Wall -c -fmessage-length=0 -fno-builtin -ffunction-sections -fdata-sections -mcpu=cortex-m3 -mthumb -D__REDLIB__ -specs=redlib.specs -MMD -MP -MF"src/cr_startup_lpc175x_6x.d" -MT"src/cr_startup_lpc175x_6x.o" -MT"src/cr_startup_lpc175x_6x.d" -o "src/cr_startup_lpc175x_6x.o" "../src/cr_startup_lpc175x_6x.c"
Finished building: ../src/cr_startup_lpc175x_6x.c
 
Building file: ../src/main.c
Invoking: MCU C Compiler
arm-none-eabi-gcc -D__REDLIB__ -DDEBUG -D__CODE_RED -D__USE_CMSIS=CMSISv1p30_LPC17xx -I"/home/seba-pc/Documentos/utn/info 2/Ejemplos/Kit Info 2 RGB/inc" -I"/home/seba-pc/Documentos/utn/info 2/Ejemplos/Kit Info 2 RGB/inc" -O0 -g3 -Wall -c -fmessage-length=0 -fno-builtin -ffunction-sections -fdata-sections -mcpu=cortex-m3 -mthumb -D__REDLIB__ -specs=redlib.specs -MMD -MP -MF"src/main.d" -MT"src/main.o" -MT"src/main.d" -o "src/main.o" "../src/main.c"
Finished building: ../src/main.c
 
Building target: KitInfo2RGB.axf
Invoking: MCU Linker
arm-none-eabi-gcc -nostdlib -Xlinker -Map=KitInfo2RGB.map -Xlinker --gc-sections -mcpu=cortex-m3 -mthumb -T "Kit_Info_2_RGB_Debug.ld" -o "KitInfo2RGB.axf"  ./src/KitInfo2FW_RGB.o ./src/KitInfo2PR_RGB.o ./src/cr_startup_lpc175x_6x.o ./src/main.o   -lCMSISv1p30_LPC17xx
/usr/local/lpcxpresso_8.2.2_650/lpcxpresso/tools/bin/../lib/gcc/arm-none-eabi/5.4.1/../../../../arm-none-eabi/bin/ld: cannot find -lCMSISv1p30_LPC17xx
collect2: error: ld returned 1 exit status
make: *** [KitInfo2RGB.axf] Error 1
makefile:30: fallo en las instrucciones para el objetivo 'KitInfo2RGB.axf'

00:10:15 Build Finished (took 197ms)

